2025-06-24 13:57:31,675 - modules.metrics_display - WARNING - VantaCore not available for import
2025-06-24 13:57:31,740 - modules.app - INFO - Starting VoxSigil GUI application
2025-06-24 13:57:31,936 - modules.app - CRITICAL - ❌ CRITICAL ERROR in main(): module 'torch' has no attribute 'cuda'
2025-06-24 13:57:31,944 - modules.app - CRITICAL - Traceback (most recent call last):
  File "D:\Vox\Voxsigil-Library\working_gui\modules\app.py", line 89, in main
    window = VoxSigilMainWindow()
  File "D:\Vox\Voxsigil-Library\working_gui\modules\main_window.py", line 31, in __init__
    self.setup_ui()
    ~~~~~~~~~~~~~^^
  File "D:\Vox\Voxsigil-Library\working_gui\modules\main_window.py", line 61, in setup_ui
    training_tab = TrainingControlWidget()
  File "D:\Vox\Voxsigil-Library\working_gui\modules\training_control.py", line 49, in __init__
    self.gpu_devices = self.detect_gpus()  # List of available GPUs
                       ~~~~~~~~~~~~~~~~^^
  File "D:\Vox\Voxsigil-Library\working_gui\modules\training_control.py", line 71, in detect_gpus
    if torch.cuda.is_available():
       ^^^^^^^^^^
AttributeError: module 'torch' has no attribute 'cuda'

2025-06-24 14:13:35,656 - modules.metrics_display - WARNING - VantaCore not available for import
2025-06-24 14:13:35,712 - modules.app - INFO - Starting VoxSigil GUI application
2025-06-24 14:13:36,019 - modules.training_control - INFO - ⚠️ VantaCore not available (ImportError)
2025-06-24 14:13:36,020 - modules.training_control - INFO - ⚙️ Attempting direct component initialization...
2025-06-24 14:13:36,020 - modules.training_control - INFO - ⚠️ Could not import ArtTrainer
2025-06-24 14:13:36,021 - modules.training_control - INFO - ⚠️ Could not import GridFormer
2025-06-24 14:13:36,021 - modules.training_control - INFO - ⚠️ Could not import HoloEngine
2025-06-24 14:13:36,021 - modules.training_control - INFO - ⚠️ No training components available - training will run in simulation mode
2025-06-24 14:13:36,270 - modules.app - INFO - 🚀 VoxSigil GUI started successfully
